接收讀碼機盤點人與作業參數：[N000005714]/FuncCode：[4] 

盤點人條碼驗證結果：[True] 

接收讀碼機盤點地參數：[A1] 

盤點地條碼驗證結果：[True] 

接收讀碼機盤點人與作業參數：[N000005714]/FuncCode：[4] 

盤點人條碼驗證結果：[True] 

接收讀碼機盤點地參數：[A1] 

盤點地條碼驗證結果：[True] 

接收讀碼機盤點人與作業參數：[N000005714]/FuncCode：[4] 

盤點人條碼驗證結果：[True] 

接收讀碼機盤點地參數：[A1] 

盤點地條碼驗證結果：[True] 

接收讀碼機盤點人與作業參數：[N000005714]/FuncCode：[4] 

盤點人條碼驗證結果：[True] 

接收讀碼機盤點地參數：[A1] 

盤點地條碼驗證結果：[True] 

接收讀碼機盤點人與作業參數：[N000005714]/FuncCode：[4] 

盤點人條碼驗證結果：[True] 

接收讀碼機盤點地參數：[A1] 

盤點地條碼驗證結果：[True] 

接收讀碼機盤點人與作業參數：[N000005714]/FuncCode：[4] 

盤點人條碼驗證結果：[True] 

接收讀碼機盤點地參數：[A1] 

盤點地條碼驗證結果：[True] 

接收讀碼機盤點人與作業參數：[N000005714]/FuncCode：[4] 

盤點人條碼驗證結果：[True] 

接收讀碼機盤點地參數：[A1] 

盤點地條碼驗證結果：[True] 

接收讀碼機盤點人與作業參數：[N000005714]/FuncCode：[4] 

盤點人條碼驗證結果：[True] 

接收讀碼機盤點地參數：[A1] 

盤點地條碼驗證結果：[True] 

接收讀碼機盤點人與作業參數：[N000005714]/FuncCode：[4] 

盤點人條碼驗證結果：[True] 

接收讀碼機盤點地參數：[A1] 

盤點地條碼驗證結果：[True] 

[2014/8/5] | [盤點作業訊息：庫存與實際盤點資料相符!!] 

接收讀碼機盤點人與作業參數：[N000005714]/FuncCode：[4] 

盤點人條碼驗證結果：[True] 

接收讀碼機盤點地參數：[A1] 

盤點地條碼驗證結果：[True] 

接收讀碼機盤點人與作業參數：[N000005714]/FuncCode：[4] 

盤點人條碼驗證結果：[True] 

接收讀碼機盤點地參數：[A1] 

盤點地條碼驗證結果：[True] 

接收讀碼機盤點人與作業參數：[N000005714]/FuncCode：[4] 

盤點人條碼驗證結果：[True] 

接收讀碼機盤點地參數：[A1] 

盤點地條碼驗證結果：[True] 

[2014/8/5] | [盤點作業] | [支號：9999960B][流水號：05160405] 

接收讀碼機盤點人與作業參數：[N000005714]/FuncCode：[2] 

盤點人條碼驗證結果：[True] 

接收讀碼機盤點地參數：[A1] 

盤點地條碼驗證結果：[True] 

[2014/8/5] | [入庫作業訊息：System.ArgumentOutOfRangeException: 索引超出範圍。必須為非負數且小於集合的大小。
參數名稱: index
   於 System.ThrowHelper.ThrowArgumentOutOfRangeException()
   於 System.Collections.Generic.List`1.get_Item(Int32 index)
   於 BarCode_MVC4.Models.DBOperation.ReceiptIntoDB(String sStaffID, String sZoneNo, String sZoneSN, String sFuncCode, List`1 InfoList) 於 c:\Users\N000148583\Desktop\BarCode_MVC4\BarCode_MVC4\Controllers\Service\DBOperation.cs: 行 206] 

接收讀碼機盤點人與作業參數：[N000005714]/FuncCode：[2] 

盤點人條碼驗證結果：[True] 

接收讀碼機盤點地參數：[A1] 

盤點地條碼驗證結果：[True] 

接收讀碼機盤點人與作業參數：[N000005714]/FuncCode：[2] 

盤點人條碼驗證結果：[True] 

接收讀碼機盤點地參數：[A1] 

盤點地條碼驗證結果：[True] 

[2014/8/5] | [入庫作業] | [支號：9999961B][流水號：05161350] 

接收讀碼機盤點人與作業參數：[N000005714]/FuncCode：[2] 

盤點人條碼驗證結果：[True] 

接收讀碼機盤點地參數：[A1] 

盤點地條碼驗證結果：[True] 

[2014/8/5] | [入庫作業] | [支號：9999969B][流水號：05162431] 

接收讀碼機盤點地參數：[A1] 

盤點地條碼驗證結果：[True] 

[2014/8/5] | [入庫作業] | [支號：9999968B][流水號：05162431] 

接收讀碼機盤點人與作業參數：[N000005714]/FuncCode：[4] 

盤點人條碼驗證結果：[True] 

接收讀碼機盤點地參數：[A1] 

盤點地條碼驗證結果：[True] 

[2014/8/5] | [盤點作業] | [支號：9999967B][流水號：05162829] 

接收讀碼機盤點人與作業參數：[N000005714]/FuncCode：[4] 

盤點人條碼驗證結果：[True] 

接收讀碼機盤點地參數：[9999967B115201000149.02140411SHRCC] 

盤點地條碼驗證結果：[False] 

接收讀碼機盤點地參數：[A1] 

盤點地條碼驗證結果：[True] 

[2014/8/5] | [盤點作業] | [支號：9999967B][流水號：05163021] 

接收讀碼機盤點地參數：[A1] 

盤點地條碼驗證結果：[True] 

[2014/8/5] | [盤點作業] | [支號：9999966B][流水號：05163021] 

接收讀碼機盤點人與作業參數：[N000005714]/FuncCode：[1] 

盤點人條碼驗證結果：[True] 

接收讀碼機盤點地參數：[A1] 

盤點地條碼驗證結果：[True] 

接收讀碼機盤點人與作業參數：[N000005714]/FuncCode：[1] 

盤點人條碼驗證結果：[True] 

接收讀碼機盤點地參數：[A1] 

盤點地條碼驗證結果：[True] 

[2014/8/5] | [出庫作業] | [支號：9999993B] 

