接收讀碼機盤點地參數：[N000005714;A1;9999993X,35,1,520,1000,149.0,0,20140411,,,NPVPE,COF45] 

2014/12/24 上午 06:01:31產生：[System.NullReferenceException: 並未將物件參考設定為物件的執行個體。
   於 BarCode_MVC4.Controllers.App.BarCodeInfoController.Index() 於 c:\Users\N000148583\Desktop\BarCode_MVC4\BarCode_MVC4\Controllers\BarCodeInfo\BarCodeInfoController.cs: 行 85] 

2014/12/24 上午 06:06:35產生：[System.NullReferenceException: 並未將物件參考設定為物件的執行個體。
   於 BarCode_MVC4.Controllers.App.BarCodeInfoController.Index() 於 c:\Users\N000148583\Desktop\BarCode_MVC4\BarCode_MVC4\Controllers\BarCodeInfo\BarCodeInfoController.cs: 行 179] 

[2014/12/24] | [入庫作業] | [支號：9999993X][流水號：24061244] 

2014/12/24 上午 06:17:52產生：[System.Data.Entity.Infrastructure.DbUpdateException: 更新實體時發生錯誤。如需詳細資料，請參閱內部例外狀況。 ---> System.Data.Entity.Core.UpdateException: 更新實體時發生錯誤。如需詳細資料，請參閱內部例外狀況。 ---> System.Data.SqlClient.SqlException: 違反 PRIMARY KEY 條件約束 'PK_Inventory_1'。無法在物件 'dbo.Inventory' 中插入重複的索引鍵。重複的索引鍵值是 (9999993X)。
陳述式已經結束。
   於 System.Data.SqlClient.SqlConnection.OnError(SqlException exception, Boolean breakConnection, Action`1 wrapCloseInAction)
   於 System.Data.SqlClient.SqlInternalConnection.OnError(SqlException exception, Boolean breakConnection, Action`1 wrapCloseInAction)
   於 System.Data.SqlClient.TdsParser.ThrowExceptionAndWarning(TdsParserStateObject stateObj, Boolean callerHasConnectionLock, Boolean asyncClose)
   於 System.Data.SqlClient.TdsParser.TryRun(RunBehavior runBehavior, SqlCommand cmdHandler, SqlDataReader dataStream, BulkCopySimpleResultSet bulkCopyHandler, TdsParserStateObject stateObj, Boolean& dataReady)
   於 System.Data.SqlClient.SqlCommand.FinishExecuteReader(SqlDataReader ds, RunBehavior runBehavior, String resetOptionsString)
   於 System.Data.SqlClient.SqlCommand.RunExecuteReaderTds(CommandBehavior cmdBehavior, RunBehavior runBehavior, Boolean returnStream, Boolean async, Int32 timeout, Task& task, Boolean asyncWrite, SqlDataReader ds)
   於 System.Data.SqlClient.SqlCommand.RunExecuteReader(CommandBehavior cmdBehavior, RunBehavior runBehavior, Boolean returnStream, String method, TaskCompletionSource`1 completion, Int32 timeout, Task& task, Boolean asyncWrite)
   於 System.Data.SqlClient.SqlCommand.InternalExecuteNonQuery(TaskCompletionSource`1 completion, String methodName, Boolean sendToPipe, Int32 timeout, Boolean asyncWrite)
   於 System.Data.SqlClient.SqlCommand.ExecuteNonQuery()
   於 System.Data.Entity.Infrastructure.Interception.InternalDispatcher`1.Dispatch[TInterceptionContext,TResult](Func`1 operation, TInterceptionContext interceptionContext, Action`1 executing, Action`1 executed)
   於 System.Data.Entity.Infrastructure.Interception.DbCommandDispatcher.NonQuery(DbCommand command, DbCommandInterceptionContext interceptionContext)
   於 System.Data.Entity.Internal.InterceptableDbCommand.ExecuteNonQuery()
   於 System.Data.Entity.Core.Mapping.Update.Internal.DynamicUpdateCommand.Execute(Dictionary`2 identifierValues, List`1 generatedValues)
   於 System.Data.Entity.Core.Mapping.Update.Internal.UpdateTranslator.Update()
   --- 內部例外狀況堆疊追蹤的結尾 ---
   於 System.Data.Entity.Core.Mapping.Update.Internal.UpdateTranslator.Update()
   於 System.Data.Entity.Core.EntityClient.Internal.EntityAdapter.<Update>b__2(UpdateTranslator ut)
   於 System.Data.Entity.Core.EntityClient.Internal.EntityAdapter.Update[T](T noChangesResult, Func`2 updateFunction, Boolean throwOnClosedConnection)
   於 System.Data.Entity.Core.EntityClient.Internal.EntityAdapter.Update(Boolean throwOnClosedConnection)
   於 System.Data.Entity.Core.Objects.ObjectContext.<SaveChangesToStore>b__33()
   於 System.Data.Entity.Core.Objects.ObjectContext.ExecuteInTransaction[T](Func`1 func, IDbExecutionStrategy executionStrategy, Boolean startLocalTransaction, Boolean releaseConnectionOnSuccess)
   於 System.Data.Entity.Core.Objects.ObjectContext.SaveChangesToStore(SaveOptions options, IDbExecutionStrategy executionStrategy)
   於 System.Data.Entity.Core.Objects.ObjectContext.<>c__DisplayClass28.<SaveChanges>b__25()
   於 System.Data.Entity.SqlServer.DefaultSqlExecutionStrategy.Execute[TResult](Func`1 operation)
   於 System.Data.Entity.Core.Objects.ObjectContext.SaveChanges(SaveOptions options)
   於 System.Data.Entity.Internal.InternalContext.SaveChanges()
   --- 內部例外狀況堆疊追蹤的結尾 ---
   於 System.Data.Entity.Internal.InternalContext.SaveChanges()
   於 System.Data.Entity.Internal.LazyInternalContext.SaveChanges()
   於 System.Data.Entity.DbContext.SaveChanges()
   於 BarCode_MVC4.Models.DBOperation.ReceiptIntoDB(String sStaffID, String sZoneNo, String sZoneSN, String sFuncCode, List`1 InfoList) 於 c:\Users\N000148583\Desktop\BarCode_MVC4\BarCode_MVC4\Controllers\Service\DBOperation.cs: 行 302
   於 BarCode_MVC4.Controllers.App.BarCodeInfoController.Index() 於 c:\Users\N000148583\Desktop\BarCode_MVC4\BarCode_MVC4\Controllers\BarCodeInfo\BarCodeInfoController.cs: 行 208] 

2014/12/24 上午 06:19:12產生：[System.Data.Entity.Infrastructure.DbUpdateException: 更新實體時發生錯誤。如需詳細資料，請參閱內部例外狀況。 ---> System.Data.Entity.Core.UpdateException: 更新實體時發生錯誤。如需詳細資料，請參閱內部例外狀況。 ---> System.Data.SqlClient.SqlException: 違反 PRIMARY KEY 條件約束 'PK_Inventory_1'。無法在物件 'dbo.Inventory' 中插入重複的索引鍵。重複的索引鍵值是 (9999993X)。
陳述式已經結束。
   於 System.Data.SqlClient.SqlConnection.OnError(SqlException exception, Boolean breakConnection, Action`1 wrapCloseInAction)
   於 System.Data.SqlClient.SqlInternalConnection.OnError(SqlException exception, Boolean breakConnection, Action`1 wrapCloseInAction)
   於 System.Data.SqlClient.TdsParser.ThrowExceptionAndWarning(TdsParserStateObject stateObj, Boolean callerHasConnectionLock, Boolean asyncClose)
   於 System.Data.SqlClient.TdsParser.TryRun(RunBehavior runBehavior, SqlCommand cmdHandler, SqlDataReader dataStream, BulkCopySimpleResultSet bulkCopyHandler, TdsParserStateObject stateObj, Boolean& dataReady)
   於 System.Data.SqlClient.SqlCommand.FinishExecuteReader(SqlDataReader ds, RunBehavior runBehavior, String resetOptionsString)
   於 System.Data.SqlClient.SqlCommand.RunExecuteReaderTds(CommandBehavior cmdBehavior, RunBehavior runBehavior, Boolean returnStream, Boolean async, Int32 timeout, Task& task, Boolean asyncWrite, SqlDataReader ds)
   於 System.Data.SqlClient.SqlCommand.RunExecuteReader(CommandBehavior cmdBehavior, RunBehavior runBehavior, Boolean returnStream, String method, TaskCompletionSource`1 completion, Int32 timeout, Task& task, Boolean asyncWrite)
   於 System.Data.SqlClient.SqlCommand.InternalExecuteNonQuery(TaskCompletionSource`1 completion, String methodName, Boolean sendToPipe, Int32 timeout, Boolean asyncWrite)
   於 System.Data.SqlClient.SqlCommand.ExecuteNonQuery()
   於 System.Data.Entity.Infrastructure.Interception.InternalDispatcher`1.Dispatch[TInterceptionContext,TResult](Func`1 operation, TInterceptionContext interceptionContext, Action`1 executing, Action`1 executed)
   於 System.Data.Entity.Infrastructure.Interception.DbCommandDispatcher.NonQuery(DbCommand command, DbCommandInterceptionContext interceptionContext)
   於 System.Data.Entity.Internal.InterceptableDbCommand.ExecuteNonQuery()
   於 System.Data.Entity.Core.Mapping.Update.Internal.DynamicUpdateCommand.Execute(Dictionary`2 identifierValues, List`1 generatedValues)
   於 System.Data.Entity.Core.Mapping.Update.Internal.UpdateTranslator.Update()
   --- 內部例外狀況堆疊追蹤的結尾 ---
   於 System.Data.Entity.Core.Mapping.Update.Internal.UpdateTranslator.Update()
   於 System.Data.Entity.Core.EntityClient.Internal.EntityAdapter.<Update>b__2(UpdateTranslator ut)
   於 System.Data.Entity.Core.EntityClient.Internal.EntityAdapter.Update[T](T noChangesResult, Func`2 updateFunction, Boolean throwOnClosedConnection)
   於 System.Data.Entity.Core.EntityClient.Internal.EntityAdapter.Update(Boolean throwOnClosedConnection)
   於 System.Data.Entity.Core.Objects.ObjectContext.<SaveChangesToStore>b__33()
   於 System.Data.Entity.Core.Objects.ObjectContext.ExecuteInTransaction[T](Func`1 func, IDbExecutionStrategy executionStrategy, Boolean startLocalTransaction, Boolean releaseConnectionOnSuccess)
   於 System.Data.Entity.Core.Objects.ObjectContext.SaveChangesToStore(SaveOptions options, IDbExecutionStrategy executionStrategy)
   於 System.Data.Entity.Core.Objects.ObjectContext.<>c__DisplayClass28.<SaveChanges>b__25()
   於 System.Data.Entity.SqlServer.DefaultSqlExecutionStrategy.Execute[TResult](Func`1 operation)
   於 System.Data.Entity.Core.Objects.ObjectContext.SaveChanges(SaveOptions options)
   於 System.Data.Entity.Internal.InternalContext.SaveChanges()
   --- 內部例外狀況堆疊追蹤的結尾 ---
   於 System.Data.Entity.Internal.InternalContext.SaveChanges()
   於 System.Data.Entity.Internal.LazyInternalContext.SaveChanges()
   於 System.Data.Entity.DbContext.SaveChanges()
   於 BarCode_MVC4.Models.DBOperation.ReceiptIntoDB(String sStaffID, String sZoneNo, String sZoneSN, String sFuncCode, List`1 InfoList) 於 c:\Users\N000148583\Desktop\BarCode_MVC4\BarCode_MVC4\Controllers\Service\DBOperation.cs: 行 302
   於 BarCode_MVC4.Controllers.App.BarCodeInfoController.Index() 於 c:\Users\N000148583\Desktop\BarCode_MVC4\BarCode_MVC4\Controllers\BarCodeInfo\BarCodeInfoController.cs: 行 208] 

[2014/12/24] | [入庫作業] | [支號：9222993X][流水號：24061958] 

[2014/12/24] | [出庫作業] | [支號：9222993X] 

[2014/12/24] | [出庫作業] | [支號：9999993X] 

[2014/12/24] | [盤點作業訊息：庫存與實際盤點資料相符!!] 

