接收讀碼機盤點人與作業參數：[N000005714]/FuncCode：[1] 

盤點人條碼驗證結果：[True] 

2014/8/4 下午 02:15:19產生：[System.NullReferenceException: 並未將物件參考設定為物件的執行個體。
   於 BarCode_MVC4.Controllers.App.BarCodeInfoController.Index() 於 c:\Users\N000148583\Desktop\BarCode_MVC4\BarCode_MVC4\Controllers\BarCodeInfo\BarCodeInfoController.cs: 行 38] 

接收讀碼機盤點人與作業參數：[N000005714]/FuncCode：[2] 

盤點人條碼驗證結果：[True] 

接收讀碼機盤點地參數：[A1] 

盤點地條碼驗證結果：[True] 

接收讀碼機盤點人與作業參數：[N000005714]/FuncCode：[2] 

盤點人條碼驗證結果：[True] 

接收讀碼機盤點地參數：[A1] 

盤點地條碼驗證結果：[True] 

接收讀碼機盤點人與作業參數：[N000005714]/FuncCode：[2] 

盤點人條碼驗證結果：[True] 

接收讀碼機盤點地參數：[A1] 

盤點地條碼驗證結果：[True] 

接收讀碼機盤點人與作業參數：[N000005714]/FuncCode：[2] 

盤點人條碼驗證結果：[True] 

接收讀碼機盤點人與作業參數：[N000005714]/FuncCode：[2] 

盤點人條碼驗證結果：[True] 

接收讀碼機盤點地參數：[A1] 

盤點地條碼驗證結果：[True] 

接收讀碼機盤點人與作業參數：[N000005714]/FuncCode：[1] 

盤點人條碼驗證結果：[True] 

接收讀碼機盤點地參數：[A1] 

盤點地條碼驗證結果：[True] 

[2014/8/4]出庫作業：[NPVPE][9999999B][1000][520][COF45][20140411] 

接收讀碼機盤點人與作業參數：[N000005714]/FuncCode：[2] 

盤點人條碼驗證結果：[True] 

接收讀碼機盤點地參數：[A1] 

盤點地條碼驗證結果：[True] 

[2014/8/4]入庫作業：[NPVPE][9999990B][1000][520][COF45][20140411] 

接收讀碼機盤點人與作業參數：[N000005714]/FuncCode：[4] 

盤點人條碼驗證結果：[True] 

接收讀碼機盤點地參數：[A1] 

盤點地條碼驗證結果：[True] 

[2014/8/4]盤點異常資料：[NPVPE][9999993B][1000][520][COF45][20140411] 

接收讀碼機盤點人與作業參數：[N000005714]/FuncCode：[2] 

盤點人條碼驗證結果：[True] 

接收讀碼機盤點地參數：[A1] 

盤點地條碼驗證結果：[True] 

[2014/8/4]入庫作業：[NPVPE][9999993B][1000][520][COF45][20140411] 

接收讀碼機盤點地參數：[A1] 

盤點地條碼驗證結果：[True] 

[2014/8/4]入庫作業：[NPVPE][9999994B][1000][520][COF45][20140411] 

接收讀碼機盤點人與作業參數：[N000005714]/FuncCode：[4] 

盤點人條碼驗證結果：[True] 

接收讀碼機盤點地參數：[A1] 

盤點地條碼驗證結果：[True] 

[2014/8/4]盤點異常資料：[NPVPE][9999995B][1000][520][COF45][20140411] 

接收讀碼機盤點地參數：[A1] 

盤點地條碼驗證結果：[True] 

[2014/8/4]盤點異常資料：[NPVPE][9999996B][1000][520][COF45][20140411] 

