接收讀碼機盤點人與作業參數：[N000007689]/FuncCode：[1] 

盤點人條碼驗證結果：[True] 

接收讀碼機盤點地參數：[A1] 

盤點地條碼驗證結果：[True] 

接收讀碼機盤點人與作業參數：[N000007689]/FuncCode：[2] 

盤點人條碼驗證結果：[True] 

接收讀碼機盤點地參數：[A1] 

盤點地條碼驗證結果：[True] 

[2014/7/31]入庫作業：[NPVPE][9999991B][1000][520][COF45][20140411] 

接收讀碼機盤點地參數：[A1] 

盤點地條碼驗證結果：[True] 

接收讀碼機盤點人與作業參數：[N000007689]/FuncCode：[1] 

盤點人條碼驗證結果：[True] 

接收讀碼機盤點地參數：[A1] 

盤點地條碼驗證結果：[True] 

[2014/7/31]出庫作業：[NPVPE][9999991B][1000][520][COF45][20140411] 

接收讀碼機盤點人與作業參數：[N000007689]/FuncCode：[4] 

盤點人條碼驗證結果：[True] 

接收讀碼機盤點人與作業參數：[N000007689]/FuncCode：[4] 

盤點人條碼驗證結果：[True] 

接收讀碼機盤點地參數：[A1] 

盤點地條碼驗證結果：[True] 

[2014/7/31][NPVPE][9999992B][1000][520][COF45][20140411]資料寫入失敗。 / 盤點作業錯誤訊息：[System.NotSupportedException: LINQ to Entities 無法辨識方法 'System.String get_Item(Int32)' 方法，而且這個方法無法轉譯成存放區運算式。
   於 System.Data.Entity.Core.Objects.ELinq.ExpressionConverter.MethodCallTranslator.DefaultTranslator.Translate(ExpressionConverter parent, MethodCallExpression call)
   於 System.Data.Entity.Core.Objects.ELinq.ExpressionConverter.MethodCallTranslator.TypedTranslate(ExpressionConverter parent, MethodCallExpression linq)
   於 System.Data.Entity.Core.Objects.ELinq.ExpressionConverter.TypedTranslator`1.Translate(ExpressionConverter parent, Expression linq)
   於 System.Data.Entity.Core.Objects.ELinq.ExpressionConverter.TranslateExpression(Expression linq)
   於 System.Data.Entity.Core.Objects.ELinq.ExpressionConverter.EqualsTranslator.TypedTranslate(ExpressionConverter parent, BinaryExpression linq)
   於 System.Data.Entity.Core.Objects.ELinq.ExpressionConverter.TypedTranslator`1.Translate(ExpressionConverter parent, Expression linq)
   於 System.Data.Entity.Core.Objects.ELinq.ExpressionConverter.TranslateExpression(Expression linq)
   於 System.Data.Entity.Core.Objects.ELinq.ExpressionConverter.TranslateLambda(LambdaExpression lambda, DbExpression input)
   於 System.Data.Entity.Core.Objects.ELinq.ExpressionConverter.TranslateLambda(LambdaExpression lambda, DbExpression input, DbExpressionBinding& binding)
   於 System.Data.Entity.Core.Objects.ELinq.ExpressionConverter.MethodCallTranslator.OneLambdaTranslator.Translate(ExpressionConverter parent, MethodCallExpression call, DbExpression& source, DbExpressionBinding& sourceBinding, DbExpression& lambda)
   於 System.Data.Entity.Core.Objects.ELinq.ExpressionConverter.MethodCallTranslator.OneLambdaTranslator.Translate(ExpressionConverter parent, MethodCallExpression call)
   於 System.Data.Entity.Core.Objects.ELinq.ExpressionConverter.MethodCallTranslator.SequenceMethodTranslator.Translate(ExpressionConverter parent, MethodCallExpression call, SequenceMethod sequenceMethod)
   於 System.Data.Entity.Core.Objects.ELinq.ExpressionConverter.MethodCallTranslator.TypedTranslate(ExpressionConverter parent, MethodCallExpression linq)
   於 System.Data.Entity.Core.Objects.ELinq.ExpressionConverter.TypedTranslator`1.Translate(ExpressionConverter parent, Expression linq)
   於 System.Data.Entity.Core.Objects.ELinq.ExpressionConverter.TranslateExpression(Expression linq)
   於 System.Data.Entity.Core.Objects.ELinq.ExpressionConverter.TranslateSet(Expression linq)
   於 System.Data.Entity.Core.Objects.ELinq.ExpressionConverter.MethodCallTranslator.AggregateTranslator.Translate(ExpressionConverter parent, MethodCallExpression call)
   於 System.Data.Entity.Core.Objects.ELinq.ExpressionConverter.MethodCallTranslator.SequenceMethodTranslator.Translate(ExpressionConverter parent, MethodCallExpression call, SequenceMethod sequenceMethod)
   於 System.Data.Entity.Core.Objects.ELinq.ExpressionConverter.MethodCallTranslator.TypedTranslate(ExpressionConverter parent, MethodCallExpression linq)
   於 System.Data.Entity.Core.Objects.ELinq.ExpressionConverter.TypedTranslator`1.Translate(ExpressionConverter parent, Expression linq)
   於 System.Data.Entity.Core.Objects.ELinq.ExpressionConverter.TranslateExpression(Expression linq)
   於 System.Data.Entity.Core.Objects.ELinq.ExpressionConverter.Convert()
   於 System.Data.Entity.Core.Objects.ELinq.ELinqQueryState.GetExecutionPlan(Nullable`1 forMergeOption)
   於 System.Data.Entity.Core.Objects.ObjectQuery`1.<>c__DisplayClassb.<GetResults>b__a()
   於 System.Data.Entity.Core.Objects.ObjectContext.ExecuteInTransaction[T](Func`1 func, IDbExecutionStrategy executionStrategy, Boolean startLocalTransaction, Boolean releaseConnectionOnSuccess)
   於 System.Data.Entity.Core.Objects.ObjectQuery`1.<>c__DisplayClassb.<GetResults>b__9()
   於 System.Data.Entity.SqlServer.DefaultSqlExecutionStrategy.Execute[TResult](Func`1 operation)
   於 System.Data.Entity.Core.Objects.ObjectQuery`1.GetResults(Nullable`1 forMergeOption)
   於 System.Data.Entity.Core.Objects.ObjectQuery`1.<System.Collections.Generic.IEnumerable<T>.GetEnumerator>b__0()
   於 System.Lazy`1.CreateValue()
   於 System.Lazy`1.LazyInitValue()
   於 System.Lazy`1.get_Value()
   於 System.Data.Entity.Internal.LazyEnumerator`1.MoveNext()
   於 System.Linq.Enumerable.Single[TSource](IEnumerable`1 source)
   於 System.Data.Entity.Core.Objects.ELinq.ObjectQueryProvider.<GetElementFunction>b__3[TResult](IEnumerable`1 sequence)
   於 System.Data.Entity.Core.Objects.ELinq.ObjectQueryProvider.ExecuteSingle[TResult](IEnumerable`1 query, Expression queryRoot)
   於 System.Data.Entity.Core.Objects.ELinq.ObjectQueryProvider.System.Linq.IQueryProvider.Execute[TResult](Expression expression)
   於 System.Data.Entity.Internal.Linq.DbQueryProvider.Execute[TResult](Expression expression)
   於 System.Linq.Queryable.Count[TSource](IQueryable`1 source)
   於 BarCode_MVC4.Models.DBOperation.DeviceInventoryIntoDB(String sStaffID, String sZoneNo, String sFuncCode, String sDouble, List`1 InfoList) 於 c:\Users\N000148583\Desktop\BarCode_MVC4\BarCode_MVC4\Controllers\Service\DBOperation.cs: 行 159] 

接收讀碼機盤點人與作業參數：[N000005714]/FuncCode：[4] 

盤點人條碼驗證結果：[True] 

接收讀碼機盤點地參數：[A1] 

盤點地條碼驗證結果：[True] 

接收讀碼機盤點人與作業參數：[N000005714]/FuncCode：[4] 

盤點人條碼驗證結果：[True] 

接收讀碼機盤點地參數：[A1] 

盤點地條碼驗證結果：[True] 

接收讀碼機盤點人與作業參數：[N000005714]/FuncCode：[4] 

盤點人條碼驗證結果：[True] 

接收讀碼機盤點地參數：[A1] 

盤點地條碼驗證結果：[True] 

接收讀碼機盤點人與作業參數：[N000005714]/FuncCode：[4] 

盤點人條碼驗證結果：[True] 

接收讀碼機盤點地參數：[A1] 

盤點地條碼驗證結果：[True] 

接收讀碼機盤點人與作業參數：[N000005714]/FuncCode：[4] 

盤點人條碼驗證結果：[True] 

接收讀碼機盤點地參數：[A1] 

盤點地條碼驗證結果：[True] 

接收讀碼機盤點人與作業參數：[N000005714]/FuncCode：[4] 

盤點人條碼驗證結果：[True] 

接收讀碼機盤點地參數：[A1] 

盤點地條碼驗證結果：[True] 

[2014/7/31]盤點異常資料：[NPVPE][9999992B][1000][520][COF45][20140411] 

接收讀碼機盤點人與作業參數：[N000005714]/FuncCode：[1] 

盤點人條碼驗證結果：[True] 

接收讀碼機盤點地參數：[A1] 

盤點地條碼驗證結果：[True] 

[2014/7/31]出庫作業：[NPVPE][9999991B][1000][520][COF45][20140411] 

2014/7/31 上午 10:57:34產生：[System.NullReferenceException: 並未將物件參考設定為物件的執行個體。
   於 BarCode_MVC4.Controllers.App.BarCodeInfoController.Index() 於 c:\Users\N000148583\Desktop\BarCode_MVC4\BarCode_MVC4\Controllers\BarCodeInfo\BarCodeInfoController.cs: 行 46] 

