2015/1/9 上午 05:38:14產生：[System.NotSupportedException: LINQ to Entities 無法辨識方法 'System.String get_Item(Int32)' 方法，而且這個方法無法轉譯成存放區運算式。
   於 System.Data.Entity.Core.Objects.ELinq.ExpressionConverter.MethodCallTranslator.DefaultTranslator.Translate(ExpressionConverter parent, MethodCallExpression call)
   於 System.Data.Entity.Core.Objects.ELinq.ExpressionConverter.MethodCallTranslator.TypedTranslate(ExpressionConverter parent, MethodCallExpression linq)
   於 System.Data.Entity.Core.Objects.ELinq.ExpressionConverter.TypedTranslator`1.Translate(ExpressionConverter parent, Expression linq)
   於 System.Data.Entity.Core.Objects.ELinq.ExpressionConverter.TranslateExpression(Expression linq)
   於 System.Data.Entity.Core.Objects.ELinq.ExpressionConverter.EqualsTranslator.TypedTranslate(ExpressionConverter parent, BinaryExpression linq)
   於 System.Data.Entity.Core.Objects.ELinq.ExpressionConverter.TypedTranslator`1.Translate(ExpressionConverter parent, Expression linq)
   於 System.Data.Entity.Core.Objects.ELinq.ExpressionConverter.TranslateExpression(Expression linq)
   於 System.Data.Entity.Core.Objects.ELinq.ExpressionConverter.TranslateLambda(LambdaExpression lambda, DbExpression input)
   於 System.Data.Entity.Core.Objects.ELinq.ExpressionConverter.TranslateLambda(LambdaExpression lambda, DbExpression input, DbExpressionBinding& binding)
   於 System.Data.Entity.Core.Objects.ELinq.ExpressionConverter.MethodCallTranslator.OneLambdaTranslator.Translate(ExpressionConverter parent, MethodCallExpression call, DbExpression& source, DbExpressionBinding& sourceBinding, DbExpression& lambda)
   於 System.Data.Entity.Core.Objects.ELinq.ExpressionConverter.MethodCallTranslator.OneLambdaTranslator.Translate(ExpressionConverter parent, MethodCallExpression call)
   於 System.Data.Entity.Core.Objects.ELinq.ExpressionConverter.MethodCallTranslator.SequenceMethodTranslator.Translate(ExpressionConverter parent, MethodCallExpression call, SequenceMethod sequenceMethod)
   於 System.Data.Entity.Core.Objects.ELinq.ExpressionConverter.MethodCallTranslator.TypedTranslate(ExpressionConverter parent, MethodCallExpression linq)
   於 System.Data.Entity.Core.Objects.ELinq.ExpressionConverter.TypedTranslator`1.Translate(ExpressionConverter parent, Expression linq)
   於 System.Data.Entity.Core.Objects.ELinq.ExpressionConverter.TranslateExpression(Expression linq)
   於 System.Data.Entity.Core.Objects.ELinq.ExpressionConverter.TranslateSet(Expression linq)
   於 System.Data.Entity.Core.Objects.ELinq.ExpressionConverter.MethodCallTranslator.AggregateTranslator.Translate(ExpressionConverter parent, MethodCallExpression call)
   於 System.Data.Entity.Core.Objects.ELinq.ExpressionConverter.MethodCallTranslator.SequenceMethodTranslator.Translate(ExpressionConverter parent, MethodCallExpression call, SequenceMethod sequenceMethod)
   於 System.Data.Entity.Core.Objects.ELinq.ExpressionConverter.MethodCallTranslator.TypedTranslate(ExpressionConverter parent, MethodCallExpression linq)
   於 System.Data.Entity.Core.Objects.ELinq.ExpressionConverter.TypedTranslator`1.Translate(ExpressionConverter parent, Expression linq)
   於 System.Data.Entity.Core.Objects.ELinq.ExpressionConverter.TranslateExpression(Expression linq)
   於 System.Data.Entity.Core.Objects.ELinq.ExpressionConverter.Convert()
   於 System.Data.Entity.Core.Objects.ELinq.ELinqQueryState.GetExecutionPlan(Nullable`1 forMergeOption)
   於 System.Data.Entity.Core.Objects.ObjectQuery`1.<>c__DisplayClassb.<GetResults>b__a()
   於 System.Data.Entity.Core.Objects.ObjectContext.ExecuteInTransaction[T](Func`1 func, IDbExecutionStrategy executionStrategy, Boolean startLocalTransaction, Boolean releaseConnectionOnSuccess)
   於 System.Data.Entity.Core.Objects.ObjectQuery`1.<>c__DisplayClassb.<GetResults>b__9()
   於 System.Data.Entity.SqlServer.DefaultSqlExecutionStrategy.Execute[TResult](Func`1 operation)
   於 System.Data.Entity.Core.Objects.ObjectQuery`1.GetResults(Nullable`1 forMergeOption)
   於 System.Data.Entity.Core.Objects.ObjectQuery`1.<System.Collections.Generic.IEnumerable<T>.GetEnumerator>b__0()
   於 System.Lazy`1.CreateValue()
   於 System.Lazy`1.LazyInitValue()
   於 System.Lazy`1.get_Value()
   於 System.Data.Entity.Internal.LazyEnumerator`1.MoveNext()
   於 System.Linq.Enumerable.Single[TSource](IEnumerable`1 source)
   於 System.Data.Entity.Core.Objects.ELinq.ObjectQueryProvider.<GetElementFunction>b__3[TResult](IEnumerable`1 sequence)
   於 System.Data.Entity.Core.Objects.ELinq.ObjectQueryProvider.ExecuteSingle[TResult](IEnumerable`1 query, Expression queryRoot)
   於 System.Data.Entity.Core.Objects.ELinq.ObjectQueryProvider.System.Linq.IQueryProvider.Execute[TResult](Expression expression)
   於 System.Data.Entity.Internal.Linq.DbQueryProvider.Execute[TResult](Expression expression)
   於 System.Linq.Queryable.Count[TSource](IQueryable`1 source)
   於 BarCode_MVC4.Models.DBOperation.ReceiptIntoDB(String sStaffID, String sZoneNo, String sZoneSN, String sFuncCode, List`1 InfoList) 於 c:\Users\N000148583\Desktop\BarCode_MVC4\BarCode_MVC4\Controllers\Service\DBOperation.cs: 行 243
   於 BarCode_MVC4.Controllers.App.BarCodeInfoController.Index() 於 c:\Users\N000148583\Desktop\BarCode_MVC4\BarCode_MVC4\Controllers\BarCodeInfo\BarCodeInfoController.cs: 行 210] 

[2015/1/9] | [入庫作業訊息：此筆資料，已入庫!!] 

[2015/1/9] | [入庫作業訊息：此筆資料，已入庫!!] 

[2015/1/9] | [入庫作業訊息：此筆資料，已入庫!!] 

[2015/1/9] | [出庫作業] | [支號：4311704B] 

[2015/1/9] | [出庫作業訊息：無此筆資料，此筆資料可能已出庫!!] 

[2015/1/9] | [出庫作業訊息：無此筆資料，此筆資料可能已出庫!!] 

[2015/1/9] | [出庫作業訊息：無此筆資料，此筆資料可能已出庫!!] 

[2015/1/9] | [盤點作業] | [支號：4311704B][流水號：09104545] 

[2015/1/9] | [盤點作業訊息：4311704B，庫存與實際盤點資料相符!!] 

2015/1/9 上午 11:06:00產生：[System.Data.Entity.Infrastructure.DbUpdateException: 更新實體時發生錯誤。如需詳細資料，請參閱內部例外狀況。 ---> System.Data.Entity.Core.UpdateException: 更新實體時發生錯誤。如需詳細資料，請參閱內部例外狀況。 ---> System.Data.SqlClient.SqlException: 違反 PRIMARY KEY 條件約束 'PK_TempInventory_1'。無法在物件 'dbo.TempInventory' 中插入重複的索引鍵。重複的索引鍵值是 (4311704B)。
陳述式已經結束。
   於 System.Data.SqlClient.SqlConnection.OnError(SqlException exception, Boolean breakConnection, Action`1 wrapCloseInAction)
   於 System.Data.SqlClient.SqlInternalConnection.OnError(SqlException exception, Boolean breakConnection, Action`1 wrapCloseInAction)
   於 System.Data.SqlClient.TdsParser.ThrowExceptionAndWarning(TdsParserStateObject stateObj, Boolean callerHasConnectionLock, Boolean asyncClose)
   於 System.Data.SqlClient.TdsParser.TryRun(RunBehavior runBehavior, SqlCommand cmdHandler, SqlDataReader dataStream, BulkCopySimpleResultSet bulkCopyHandler, TdsParserStateObject stateObj, Boolean& dataReady)
   於 System.Data.SqlClient.SqlCommand.FinishExecuteReader(SqlDataReader ds, RunBehavior runBehavior, String resetOptionsString)
   於 System.Data.SqlClient.SqlCommand.RunExecuteReaderTds(CommandBehavior cmdBehavior, RunBehavior runBehavior, Boolean returnStream, Boolean async, Int32 timeout, Task& task, Boolean asyncWrite, SqlDataReader ds)
   於 System.Data.SqlClient.SqlCommand.RunExecuteReader(CommandBehavior cmdBehavior, RunBehavior runBehavior, Boolean returnStream, String method, TaskCompletionSource`1 completion, Int32 timeout, Task& task, Boolean asyncWrite)
   於 System.Data.SqlClient.SqlCommand.InternalExecuteNonQuery(TaskCompletionSource`1 completion, String methodName, Boolean sendToPipe, Int32 timeout, Boolean asyncWrite)
   於 System.Data.SqlClient.SqlCommand.ExecuteNonQuery()
   於 System.Data.Entity.Infrastructure.Interception.InternalDispatcher`1.Dispatch[TInterceptionContext,TResult](Func`1 operation, TInterceptionContext interceptionContext, Action`1 executing, Action`1 executed)
   於 System.Data.Entity.Infrastructure.Interception.DbCommandDispatcher.NonQuery(DbCommand command, DbCommandInterceptionContext interceptionContext)
   於 System.Data.Entity.Internal.InterceptableDbCommand.ExecuteNonQuery()
   於 System.Data.Entity.Core.Mapping.Update.Internal.DynamicUpdateCommand.Execute(Dictionary`2 identifierValues, List`1 generatedValues)
   於 System.Data.Entity.Core.Mapping.Update.Internal.UpdateTranslator.Update()
   --- 內部例外狀況堆疊追蹤的結尾 ---
   於 System.Data.Entity.Core.Mapping.Update.Internal.UpdateTranslator.Update()
   於 System.Data.Entity.Core.EntityClient.Internal.EntityAdapter.<Update>b__2(UpdateTranslator ut)
   於 System.Data.Entity.Core.EntityClient.Internal.EntityAdapter.Update[T](T noChangesResult, Func`2 updateFunction, Boolean throwOnClosedConnection)
   於 System.Data.Entity.Core.EntityClient.Internal.EntityAdapter.Update(Boolean throwOnClosedConnection)
   於 System.Data.Entity.Core.Objects.ObjectContext.<SaveChangesToStore>b__33()
   於 System.Data.Entity.Core.Objects.ObjectContext.ExecuteInTransaction[T](Func`1 func, IDbExecutionStrategy executionStrategy, Boolean startLocalTransaction, Boolean releaseConnectionOnSuccess)
   於 System.Data.Entity.Core.Objects.ObjectContext.SaveChangesToStore(SaveOptions options, IDbExecutionStrategy executionStrategy)
   於 System.Data.Entity.Core.Objects.ObjectContext.<>c__DisplayClass28.<SaveChanges>b__25()
   於 System.Data.Entity.SqlServer.DefaultSqlExecutionStrategy.Execute[TResult](Func`1 operation)
   於 System.Data.Entity.Core.Objects.ObjectContext.SaveChanges(SaveOptions options)
   於 System.Data.Entity.Internal.InternalContext.SaveChanges()
   --- 內部例外狀況堆疊追蹤的結尾 ---
   於 System.Data.Entity.Internal.InternalContext.SaveChanges()
   於 System.Data.Entity.Internal.LazyInternalContext.SaveChanges()
   於 System.Data.Entity.DbContext.SaveChanges()
   於 BarCode_MVC4.Models.DBOperation.InsertTempInventory(List`1 InfoList, String sZoneNo, String sStaffID, String sFuncCode, String sZoneSN) 於 c:\Users\N000148583\Desktop\BarCode_MVC4\BarCode_MVC4\Controllers\Service\DBOperation.cs: 行 563
   於 BarCode_MVC4.Models.DBOperation.DeviceInventoryIntoDB(String sStaffID, String sZoneNo, String sZoneSN, String sFuncCode, List`1 InfoList) 於 c:\Users\N000148583\Desktop\BarCode_MVC4\BarCode_MVC4\Controllers\Service\DBOperation.cs: 行 443
   於 BarCode_MVC4.Controllers.App.BarCodeInfoController.Index() 於 c:\Users\N000148583\Desktop\BarCode_MVC4\BarCode_MVC4\Controllers\BarCodeInfo\BarCodeInfoController.cs: 行 234] 

[2015/1/9] | [盤點作業] | [支號：4311704B][流水號：09113934] 

2015/1/9 上午 11:58:32產生：[System.Data.Entity.Infrastructure.DbUpdateException: 更新實體時發生錯誤。如需詳細資料，請參閱內部例外狀況。 ---> System.Data.Entity.Core.UpdateException: 更新實體時發生錯誤。如需詳細資料，請參閱內部例外狀況。 ---> System.Data.SqlClient.SqlException: 違反 PRIMARY KEY 條件約束 'PK_TempInventory_1'。無法在物件 'dbo.TempInventory' 中插入重複的索引鍵。重複的索引鍵值是 (4311704B)。
陳述式已經結束。
   於 System.Data.SqlClient.SqlConnection.OnError(SqlException exception, Boolean breakConnection, Action`1 wrapCloseInAction)
   於 System.Data.SqlClient.SqlInternalConnection.OnError(SqlException exception, Boolean breakConnection, Action`1 wrapCloseInAction)
   於 System.Data.SqlClient.TdsParser.ThrowExceptionAndWarning(TdsParserStateObject stateObj, Boolean callerHasConnectionLock, Boolean asyncClose)
   於 System.Data.SqlClient.TdsParser.TryRun(RunBehavior runBehavior, SqlCommand cmdHandler, SqlDataReader dataStream, BulkCopySimpleResultSet bulkCopyHandler, TdsParserStateObject stateObj, Boolean& dataReady)
   於 System.Data.SqlClient.SqlCommand.FinishExecuteReader(SqlDataReader ds, RunBehavior runBehavior, String resetOptionsString)
   於 System.Data.SqlClient.SqlCommand.RunExecuteReaderTds(CommandBehavior cmdBehavior, RunBehavior runBehavior, Boolean returnStream, Boolean async, Int32 timeout, Task& task, Boolean asyncWrite, SqlDataReader ds)
   於 System.Data.SqlClient.SqlCommand.RunExecuteReader(CommandBehavior cmdBehavior, RunBehavior runBehavior, Boolean returnStream, String method, TaskCompletionSource`1 completion, Int32 timeout, Task& task, Boolean asyncWrite)
   於 System.Data.SqlClient.SqlCommand.InternalExecuteNonQuery(TaskCompletionSource`1 completion, String methodName, Boolean sendToPipe, Int32 timeout, Boolean asyncWrite)
   於 System.Data.SqlClient.SqlCommand.ExecuteNonQuery()
   於 System.Data.Entity.Infrastructure.Interception.InternalDispatcher`1.Dispatch[TInterceptionContext,TResult](Func`1 operation, TInterceptionContext interceptionContext, Action`1 executing, Action`1 executed)
   於 System.Data.Entity.Infrastructure.Interception.DbCommandDispatcher.NonQuery(DbCommand command, DbCommandInterceptionContext interceptionContext)
   於 System.Data.Entity.Internal.InterceptableDbCommand.ExecuteNonQuery()
   於 System.Data.Entity.Core.Mapping.Update.Internal.DynamicUpdateCommand.Execute(Dictionary`2 identifierValues, List`1 generatedValues)
   於 System.Data.Entity.Core.Mapping.Update.Internal.UpdateTranslator.Update()
   --- 內部例外狀況堆疊追蹤的結尾 ---
   於 System.Data.Entity.Core.Mapping.Update.Internal.UpdateTranslator.Update()
   於 System.Data.Entity.Core.EntityClient.Internal.EntityAdapter.<Update>b__2(UpdateTranslator ut)
   於 System.Data.Entity.Core.EntityClient.Internal.EntityAdapter.Update[T](T noChangesResult, Func`2 updateFunction, Boolean throwOnClosedConnection)
   於 System.Data.Entity.Core.EntityClient.Internal.EntityAdapter.Update(Boolean throwOnClosedConnection)
   於 System.Data.Entity.Core.Objects.ObjectContext.<SaveChangesToStore>b__33()
   於 System.Data.Entity.Core.Objects.ObjectContext.ExecuteInTransaction[T](Func`1 func, IDbExecutionStrategy executionStrategy, Boolean startLocalTransaction, Boolean releaseConnectionOnSuccess)
   於 System.Data.Entity.Core.Objects.ObjectContext.SaveChangesToStore(SaveOptions options, IDbExecutionStrategy executionStrategy)
   於 System.Data.Entity.Core.Objects.ObjectContext.<>c__DisplayClass28.<SaveChanges>b__25()
   於 System.Data.Entity.SqlServer.DefaultSqlExecutionStrategy.Execute[TResult](Func`1 operation)
   於 System.Data.Entity.Core.Objects.ObjectContext.SaveChanges(SaveOptions options)
   於 System.Data.Entity.Internal.InternalContext.SaveChanges()
   --- 內部例外狀況堆疊追蹤的結尾 ---
   於 System.Data.Entity.Internal.InternalContext.SaveChanges()
   於 System.Data.Entity.Internal.LazyInternalContext.SaveChanges()
   於 System.Data.Entity.DbContext.SaveChanges()
   於 BarCode_MVC4.Models.DBOperation.InsertTempInventory(List`1 InfoList, String sZoneNo, String sStaffID, String sFuncCode, String sZoneSN) 於 c:\Users\N000148583\Desktop\BarCode_MVC4\BarCode_MVC4\Controllers\Service\DBOperation.cs: 行 566
   於 BarCode_MVC4.Models.DBOperation.DeviceInventoryIntoDB(String sStaffID, String sZoneNo, String sZoneSN, String sFuncCode, List`1 InfoList) 於 c:\Users\N000148583\Desktop\BarCode_MVC4\BarCode_MVC4\Controllers\Service\DBOperation.cs: 行 444
   於 BarCode_MVC4.Controllers.App.BarCodeInfoController.Index() 於 c:\Users\N000148583\Desktop\BarCode_MVC4\BarCode_MVC4\Controllers\BarCodeInfo\BarCodeInfoController.cs: 行 234] 

2015/1/9 下午 12:09:19產生：[System.Data.Entity.Infrastructure.DbUpdateException: 更新實體時發生錯誤。如需詳細資料，請參閱內部例外狀況。 ---> System.Data.Entity.Core.UpdateException: 更新實體時發生錯誤。如需詳細資料，請參閱內部例外狀況。 ---> System.Data.SqlClient.SqlException: 違反 PRIMARY KEY 條件約束 'PK_DeviceInventory'。無法在物件 'dbo.ImportInventory' 中插入重複的索引鍵。重複的索引鍵值是 (4311704B)。
陳述式已經結束。
   於 System.Data.SqlClient.SqlConnection.OnError(SqlException exception, Boolean breakConnection, Action`1 wrapCloseInAction)
   於 System.Data.SqlClient.SqlInternalConnection.OnError(SqlException exception, Boolean breakConnection, Action`1 wrapCloseInAction)
   於 System.Data.SqlClient.TdsParser.ThrowExceptionAndWarning(TdsParserStateObject stateObj, Boolean callerHasConnectionLock, Boolean asyncClose)
   於 System.Data.SqlClient.TdsParser.TryRun(RunBehavior runBehavior, SqlCommand cmdHandler, SqlDataReader dataStream, BulkCopySimpleResultSet bulkCopyHandler, TdsParserStateObject stateObj, Boolean& dataReady)
   於 System.Data.SqlClient.SqlCommand.FinishExecuteReader(SqlDataReader ds, RunBehavior runBehavior, String resetOptionsString)
   於 System.Data.SqlClient.SqlCommand.RunExecuteReaderTds(CommandBehavior cmdBehavior, RunBehavior runBehavior, Boolean returnStream, Boolean async, Int32 timeout, Task& task, Boolean asyncWrite, SqlDataReader ds)
   於 System.Data.SqlClient.SqlCommand.RunExecuteReader(CommandBehavior cmdBehavior, RunBehavior runBehavior, Boolean returnStream, String method, TaskCompletionSource`1 completion, Int32 timeout, Task& task, Boolean asyncWrite)
   於 System.Data.SqlClient.SqlCommand.InternalExecuteNonQuery(TaskCompletionSource`1 completion, String methodName, Boolean sendToPipe, Int32 timeout, Boolean asyncWrite)
   於 System.Data.SqlClient.SqlCommand.ExecuteNonQuery()
   於 System.Data.Entity.Infrastructure.Interception.InternalDispatcher`1.Dispatch[TInterceptionContext,TResult](Func`1 operation, TInterceptionContext interceptionContext, Action`1 executing, Action`1 executed)
   於 System.Data.Entity.Infrastructure.Interception.DbCommandDispatcher.NonQuery(DbCommand command, DbCommandInterceptionContext interceptionContext)
   於 System.Data.Entity.Internal.InterceptableDbCommand.ExecuteNonQuery()
   於 System.Data.Entity.Core.Mapping.Update.Internal.DynamicUpdateCommand.Execute(Dictionary`2 identifierValues, List`1 generatedValues)
   於 System.Data.Entity.Core.Mapping.Update.Internal.UpdateTranslator.Update()
   --- 內部例外狀況堆疊追蹤的結尾 ---
   於 System.Data.Entity.Core.Mapping.Update.Internal.UpdateTranslator.Update()
   於 System.Data.Entity.Core.EntityClient.Internal.EntityAdapter.<Update>b__2(UpdateTranslator ut)
   於 System.Data.Entity.Core.EntityClient.Internal.EntityAdapter.Update[T](T noChangesResult, Func`2 updateFunction, Boolean throwOnClosedConnection)
   於 System.Data.Entity.Core.EntityClient.Internal.EntityAdapter.Update(Boolean throwOnClosedConnection)
   於 System.Data.Entity.Core.Objects.ObjectContext.<SaveChangesToStore>b__33()
   於 System.Data.Entity.Core.Objects.ObjectContext.ExecuteInTransaction[T](Func`1 func, IDbExecutionStrategy executionStrategy, Boolean startLocalTransaction, Boolean releaseConnectionOnSuccess)
   於 System.Data.Entity.Core.Objects.ObjectContext.SaveChangesToStore(SaveOptions options, IDbExecutionStrategy executionStrategy)
   於 System.Data.Entity.Core.Objects.ObjectContext.<>c__DisplayClass28.<SaveChanges>b__25()
   於 System.Data.Entity.SqlServer.DefaultSqlExecutionStrategy.Execute[TResult](Func`1 operation)
   於 System.Data.Entity.Core.Objects.ObjectContext.SaveChanges(SaveOptions options)
   於 System.Data.Entity.Internal.InternalContext.SaveChanges()
   --- 內部例外狀況堆疊追蹤的結尾 ---
   於 System.Data.Entity.Internal.InternalContext.SaveChanges()
   於 System.Data.Entity.Internal.LazyInternalContext.SaveChanges()
   於 System.Data.Entity.DbContext.SaveChanges()
   於 BarCode_MVC4.Models.DBOperation.DeviceInventoryIntoDB(String sStaffID, String sZoneNo, String sZoneSN, String sFuncCode, List`1 InfoList) 於 c:\Users\N000148583\Desktop\BarCode_MVC4\BarCode_MVC4\Controllers\Service\DBOperation.cs: 行 500
   於 BarCode_MVC4.Controllers.App.BarCodeInfoController.Index() 於 c:\Users\N000148583\Desktop\BarCode_MVC4\BarCode_MVC4\Controllers\BarCodeInfo\BarCodeInfoController.cs: 行 234] 

[2015/1/9] | [盤點作業] | [支號：4311704B][流水號：09121610] 

[2015/1/9] | [盤點作業訊息：此資料已盤點過，請將此筆資料匯入庫存資料庫!!] 

[2015/1/9] | [盤點作業訊息：4311704B，已盤點過，請將此筆資料匯入庫存資料庫!!] 

2015/1/9 下午 12:20:41產生：[System.Data.Entity.Infrastructure.DbUpdateException: 更新實體時發生錯誤。如需詳細資料，請參閱內部例外狀況。 ---> System.Data.Entity.Core.UpdateException: 更新實體時發生錯誤。如需詳細資料，請參閱內部例外狀況。 ---> System.Data.SqlClient.SqlException: 違反 PRIMARY KEY 條件約束 'PK_TempInventory_1'。無法在物件 'dbo.TempInventory' 中插入重複的索引鍵。重複的索引鍵值是 (4311704B)。
陳述式已經結束。
   於 System.Data.SqlClient.SqlConnection.OnError(SqlException exception, Boolean breakConnection, Action`1 wrapCloseInAction)
   於 System.Data.SqlClient.SqlInternalConnection.OnError(SqlException exception, Boolean breakConnection, Action`1 wrapCloseInAction)
   於 System.Data.SqlClient.TdsParser.ThrowExceptionAndWarning(TdsParserStateObject stateObj, Boolean callerHasConnectionLock, Boolean asyncClose)
   於 System.Data.SqlClient.TdsParser.TryRun(RunBehavior runBehavior, SqlCommand cmdHandler, SqlDataReader dataStream, BulkCopySimpleResultSet bulkCopyHandler, TdsParserStateObject stateObj, Boolean& dataReady)
   於 System.Data.SqlClient.SqlCommand.FinishExecuteReader(SqlDataReader ds, RunBehavior runBehavior, String resetOptionsString)
   於 System.Data.SqlClient.SqlCommand.RunExecuteReaderTds(CommandBehavior cmdBehavior, RunBehavior runBehavior, Boolean returnStream, Boolean async, Int32 timeout, Task& task, Boolean asyncWrite, SqlDataReader ds)
   於 System.Data.SqlClient.SqlCommand.RunExecuteReader(CommandBehavior cmdBehavior, RunBehavior runBehavior, Boolean returnStream, String method, TaskCompletionSource`1 completion, Int32 timeout, Task& task, Boolean asyncWrite)
   於 System.Data.SqlClient.SqlCommand.InternalExecuteNonQuery(TaskCompletionSource`1 completion, String methodName, Boolean sendToPipe, Int32 timeout, Boolean asyncWrite)
   於 System.Data.SqlClient.SqlCommand.ExecuteNonQuery()
   於 System.Data.Entity.Infrastructure.Interception.InternalDispatcher`1.Dispatch[TInterceptionContext,TResult](Func`1 operation, TInterceptionContext interceptionContext, Action`1 executing, Action`1 executed)
   於 System.Data.Entity.Infrastructure.Interception.DbCommandDispatcher.NonQuery(DbCommand command, DbCommandInterceptionContext interceptionContext)
   於 System.Data.Entity.Internal.InterceptableDbCommand.ExecuteNonQuery()
   於 System.Data.Entity.Core.Mapping.Update.Internal.DynamicUpdateCommand.Execute(Dictionary`2 identifierValues, List`1 generatedValues)
   於 System.Data.Entity.Core.Mapping.Update.Internal.UpdateTranslator.Update()
   --- 內部例外狀況堆疊追蹤的結尾 ---
   於 System.Data.Entity.Core.Mapping.Update.Internal.UpdateTranslator.Update()
   於 System.Data.Entity.Core.EntityClient.Internal.EntityAdapter.<Update>b__2(UpdateTranslator ut)
   於 System.Data.Entity.Core.EntityClient.Internal.EntityAdapter.Update[T](T noChangesResult, Func`2 updateFunction, Boolean throwOnClosedConnection)
   於 System.Data.Entity.Core.EntityClient.Internal.EntityAdapter.Update(Boolean throwOnClosedConnection)
   於 System.Data.Entity.Core.Objects.ObjectContext.<SaveChangesToStore>b__33()
   於 System.Data.Entity.Core.Objects.ObjectContext.ExecuteInTransaction[T](Func`1 func, IDbExecutionStrategy executionStrategy, Boolean startLocalTransaction, Boolean releaseConnectionOnSuccess)
   於 System.Data.Entity.Core.Objects.ObjectContext.SaveChangesToStore(SaveOptions options, IDbExecutionStrategy executionStrategy)
   於 System.Data.Entity.Core.Objects.ObjectContext.<>c__DisplayClass28.<SaveChanges>b__25()
   於 System.Data.Entity.SqlServer.DefaultSqlExecutionStrategy.Execute[TResult](Func`1 operation)
   於 System.Data.Entity.Core.Objects.ObjectContext.SaveChanges(SaveOptions options)
   於 System.Data.Entity.Internal.InternalContext.SaveChanges()
   --- 內部例外狀況堆疊追蹤的結尾 ---
   於 System.Data.Entity.Internal.InternalContext.SaveChanges()
   於 System.Data.Entity.Internal.LazyInternalContext.SaveChanges()
   於 System.Data.Entity.DbContext.SaveChanges()
   於 BarCode_MVC4.Models.DBOperation.InsertTempInventory(List`1 InfoList, String sZoneNo, String sStaffID, String sFuncCode, String sZoneSN) 於 c:\Users\N000148583\Desktop\BarCode_MVC4\BarCode_MVC4\Controllers\Service\DBOperation.cs: 行 582
   於 BarCode_MVC4.Models.DBOperation.DeviceInventoryIntoDB(String sStaffID, String sZoneNo, String sZoneSN, String sFuncCode, List`1 InfoList) 於 c:\Users\N000148583\Desktop\BarCode_MVC4\BarCode_MVC4\Controllers\Service\DBOperation.cs: 行 411
   於 BarCode_MVC4.Controllers.App.BarCodeInfoController.Index() 於 c:\Users\N000148583\Desktop\BarCode_MVC4\BarCode_MVC4\Controllers\BarCodeInfo\BarCodeInfoController.cs: 行 234] 

2015/1/9 下午 12:21:25產生：[System.Data.Entity.Infrastructure.DbUpdateException: 更新實體時發生錯誤。如需詳細資料，請參閱內部例外狀況。 ---> System.Data.Entity.Core.UpdateException: 更新實體時發生錯誤。如需詳細資料，請參閱內部例外狀況。 ---> System.Data.SqlClient.SqlException: 違反 PRIMARY KEY 條件約束 'PK_TempInventory_1'。無法在物件 'dbo.TempInventory' 中插入重複的索引鍵。重複的索引鍵值是 (4311704B)。
陳述式已經結束。
   於 System.Data.SqlClient.SqlConnection.OnError(SqlException exception, Boolean breakConnection, Action`1 wrapCloseInAction)
   於 System.Data.SqlClient.SqlInternalConnection.OnError(SqlException exception, Boolean breakConnection, Action`1 wrapCloseInAction)
   於 System.Data.SqlClient.TdsParser.ThrowExceptionAndWarning(TdsParserStateObject stateObj, Boolean callerHasConnectionLock, Boolean asyncClose)
   於 System.Data.SqlClient.TdsParser.TryRun(RunBehavior runBehavior, SqlCommand cmdHandler, SqlDataReader dataStream, BulkCopySimpleResultSet bulkCopyHandler, TdsParserStateObject stateObj, Boolean& dataReady)
   於 System.Data.SqlClient.SqlCommand.FinishExecuteReader(SqlDataReader ds, RunBehavior runBehavior, String resetOptionsString)
   於 System.Data.SqlClient.SqlCommand.RunExecuteReaderTds(CommandBehavior cmdBehavior, RunBehavior runBehavior, Boolean returnStream, Boolean async, Int32 timeout, Task& task, Boolean asyncWrite, SqlDataReader ds)
   於 System.Data.SqlClient.SqlCommand.RunExecuteReader(CommandBehavior cmdBehavior, RunBehavior runBehavior, Boolean returnStream, String method, TaskCompletionSource`1 completion, Int32 timeout, Task& task, Boolean asyncWrite)
   於 System.Data.SqlClient.SqlCommand.InternalExecuteNonQuery(TaskCompletionSource`1 completion, String methodName, Boolean sendToPipe, Int32 timeout, Boolean asyncWrite)
   於 System.Data.SqlClient.SqlCommand.ExecuteNonQuery()
   於 System.Data.Entity.Infrastructure.Interception.InternalDispatcher`1.Dispatch[TInterceptionContext,TResult](Func`1 operation, TInterceptionContext interceptionContext, Action`1 executing, Action`1 executed)
   於 System.Data.Entity.Infrastructure.Interception.DbCommandDispatcher.NonQuery(DbCommand command, DbCommandInterceptionContext interceptionContext)
   於 System.Data.Entity.Internal.InterceptableDbCommand.ExecuteNonQuery()
   於 System.Data.Entity.Core.Mapping.Update.Internal.DynamicUpdateCommand.Execute(Dictionary`2 identifierValues, List`1 generatedValues)
   於 System.Data.Entity.Core.Mapping.Update.Internal.UpdateTranslator.Update()
   --- 內部例外狀況堆疊追蹤的結尾 ---
   於 System.Data.Entity.Core.Mapping.Update.Internal.UpdateTranslator.Update()
   於 System.Data.Entity.Core.EntityClient.Internal.EntityAdapter.<Update>b__2(UpdateTranslator ut)
   於 System.Data.Entity.Core.EntityClient.Internal.EntityAdapter.Update[T](T noChangesResult, Func`2 updateFunction, Boolean throwOnClosedConnection)
   於 System.Data.Entity.Core.EntityClient.Internal.EntityAdapter.Update(Boolean throwOnClosedConnection)
   於 System.Data.Entity.Core.Objects.ObjectContext.<SaveChangesToStore>b__33()
   於 System.Data.Entity.Core.Objects.ObjectContext.ExecuteInTransaction[T](Func`1 func, IDbExecutionStrategy executionStrategy, Boolean startLocalTransaction, Boolean releaseConnectionOnSuccess)
   於 System.Data.Entity.Core.Objects.ObjectContext.SaveChangesToStore(SaveOptions options, IDbExecutionStrategy executionStrategy)
   於 System.Data.Entity.Core.Objects.ObjectContext.<>c__DisplayClass28.<SaveChanges>b__25()
   於 System.Data.Entity.SqlServer.DefaultSqlExecutionStrategy.Execute[TResult](Func`1 operation)
   於 System.Data.Entity.Core.Objects.ObjectContext.SaveChanges(SaveOptions options)
   於 System.Data.Entity.Internal.InternalContext.SaveChanges()
   --- 內部例外狀況堆疊追蹤的結尾 ---
   於 System.Data.Entity.Internal.InternalContext.SaveChanges()
   於 System.Data.Entity.Internal.LazyInternalContext.SaveChanges()
   於 System.Data.Entity.DbContext.SaveChanges()
   於 BarCode_MVC4.Models.DBOperation.InsertTempInventory(List`1 InfoList, String sZoneNo, String sStaffID, String sFuncCode, String sZoneSN) 於 c:\Users\N000148583\Desktop\BarCode_MVC4\BarCode_MVC4\Controllers\Service\DBOperation.cs: 行 582
   於 BarCode_MVC4.Models.DBOperation.DeviceInventoryIntoDB(String sStaffID, String sZoneNo, String sZoneSN, String sFuncCode, List`1 InfoList) 於 c:\Users\N000148583\Desktop\BarCode_MVC4\BarCode_MVC4\Controllers\Service\DBOperation.cs: 行 411
   於 BarCode_MVC4.Controllers.App.BarCodeInfoController.Index() 於 c:\Users\N000148583\Desktop\BarCode_MVC4\BarCode_MVC4\Controllers\BarCodeInfo\BarCodeInfoController.cs: 行 234] 

